<?xml version="1.0" encoding="UTF-8" ?>
<testsuite tests="0" failures="0" name="com.tp.util.security.token.SecurityTokenTest" time="0" errors="0" skipped="0">
  <properties>
    <property name="java.runtime.name" value="Java(TM) SE Runtime Environment"/>
    <property name="sun.boot.library.path" value="D:\ProgramFiles\java\jdk1.8.0_211\jre\bin"/>
    <property name="java.vm.version" value="25.211-b12"/>
    <property name="java.vm.vendor" value="Oracle Corporation"/>
    <property name="maven.multiModuleProjectDirectory" value="D:\Users\II00083746\MyDocuments\workspace\eclipse\201903\sessionSecurity"/>
    <property name="java.vendor.url" value="http://java.oracle.com/"/>
    <property name="path.separator" value=";"/>
    <property name="guice.disable.misplaced.annotation.check" value="true"/>
    <property name="java.vm.name" value="Java HotSpot(TM) 64-Bit Server VM"/>
    <property name="file.encoding.pkg" value="sun.io"/>
    <property name="user.script" value=""/>
    <property name="user.country" value="US"/>
    <property name="sun.java.launcher" value="SUN_STANDARD"/>
    <property name="sun.os.patch.level" value=""/>
    <property name="java.vm.specification.name" value="Java Virtual Machine Specification"/>
    <property name="user.dir" value="D:\Users\II00083746\MyDocuments\workspace\eclipse\201903\sessionSecurity"/>
    <property name="java.runtime.version" value="1.8.0_211-b12"/>
    <property name="java.awt.graphicsenv" value="sun.awt.Win32GraphicsEnvironment"/>
    <property name="java.endorsed.dirs" value="D:\ProgramFiles\java\jdk1.8.0_211\jre\lib\endorsed"/>
    <property name="os.arch" value="amd64"/>
    <property name="java.io.tmpdir" value="C:\Users\II0008~1\AppData\Local\Temp\"/>
    <property name="line.separator" value="
"/>
    <property name="java.vm.specification.vendor" value="Oracle Corporation"/>
    <property name="user.variant" value=""/>
    <property name="os.name" value="Windows 10"/>
    <property name="classworlds.conf" value="D:\Users\II00083746\MyDocuments\workspace\eclipse\201903\.metadata\.plugins\org.eclipse.m2e.launching\launches\m2conf8572136668924245230.tmp"/>
    <property name="sun.jnu.encoding" value="Cp1252"/>
    <property name="java.library.path" value="D:\ProgramFiles\java\jdk1.8.0_211\bin;C:\WINDOWS\Sun\Java\bin;C:\WINDOWS\system32;C:\WINDOWS;D:/ProgramFiles/java/jdk1.8.0_211/bin/../jre/bin/server;D:/ProgramFiles/java/jdk1.8.0_211/bin/../jre/bin;D:/ProgramFiles/java/jdk1.8.0_211/bin/../jre/lib/amd64;C:\Program Files\Microsoft MPI\Bin\;C:\WINDOWS\system32;C:\WINDOWS;C:\WINDOWS\System32\Wbem;C:\WINDOWS\System32\WindowsPowerShell\v1.0\;C:\WINDOWS\System32\OpenSSH\;C:\Program Files\Microsoft SQL Server\Client SDK\ODBC\130\Tools\Binn\;C:\Program Files (x86)\Microsoft SQL Server\140\Tools\Binn\;C:\Program Files\Microsoft SQL Server\140\Tools\Binn\;C:\Program Files\Microsoft SQL Server\140\DTS\Binn\;C:\Program Files (x86)\Microsoft SQL Server\140\DTS\Binn\;C:\Program Files (x86)\Microsoft SQL Server\150\DTS\Binn\;C:\Program Files\Microsoft SQL Server Migration Assistant for MySQL\bin\;C:\Program Files\Git\cmd;C:\Users\ii00083746\AppData\Local\Microsoft\WindowsApps;D:\ProgramFiles\java\jdk1.8.0_211\bin;D:\ProgramFiles\server\tomcat\apache-tomcat-8.5.40-windows-x64\bin;D:\ProgramFiles\scala\scala_2.12.8\bin;D:\ProgramFiles\JetBrains\IntelliJ IDEA Community Edition 2019.1.2\bin;C:\Program Files\MySQL\MySQL Server 5.7\bin;D:\ProgramFiles\python\python-3.7.3-embed-amd64;D:\ProgramFiles\bigdata\hadoop-3.0.3\bin;C:\Users\ii00083746\AppData\Local\GitHubDesktop\bin;C:\WINDOWS\System32;;."/>
    <property name="java.specification.name" value="Java Platform API Specification"/>
    <property name="java.class.version" value="52.0"/>
    <property name="sun.management.compiler" value="HotSpot 64-Bit Tiered Compilers"/>
    <property name="os.version" value="10.0"/>
    <property name="user.home" value="C:\Users\ii00083746"/>
    <property name="user.timezone" value="Asia/Calcutta"/>
    <property name="java.awt.printerjob" value="sun.awt.windows.WPrinterJob"/>
    <property name="java.specification.version" value="1.8"/>
    <property name="file.encoding" value="Cp1252"/>
    <property name="user.name" value="ii00083746"/>
    <property name="java.class.path" value="C:\Users\ii00083746\.p2\pool\plugins\org.eclipse.m2e.maven.runtime_1.12.0.20190529-1915\jars\plexus-classworlds-2.6.0.jar"/>
    <property name="java.vm.specification.version" value="1.8"/>
    <property name="sun.arch.data.model" value="64"/>
    <property name="java.home" value="D:\ProgramFiles\java\jdk1.8.0_211\jre"/>
    <property name="sun.java.command" value="org.codehaus.plexus.classworlds.launcher.Launcher -B install"/>
    <property name="java.specification.vendor" value="Oracle Corporation"/>
    <property name="user.language" value="en"/>
    <property name="awt.toolkit" value="sun.awt.windows.WToolkit"/>
    <property name="java.vm.info" value="mixed mode"/>
    <property name="java.version" value="1.8.0_211"/>
    <property name="java.ext.dirs" value="D:\ProgramFiles\java\jdk1.8.0_211\jre\lib\ext;C:\WINDOWS\Sun\Java\lib\ext"/>
    <property name="sun.boot.class.path" value="D:\ProgramFiles\java\jdk1.8.0_211\jre\lib\resources.jar;D:\ProgramFiles\java\jdk1.8.0_211\jre\lib\rt.jar;D:\ProgramFiles\java\jdk1.8.0_211\jre\lib\sunrsasign.jar;D:\ProgramFiles\java\jdk1.8.0_211\jre\lib\jsse.jar;D:\ProgramFiles\java\jdk1.8.0_211\jre\lib\jce.jar;D:\ProgramFiles\java\jdk1.8.0_211\jre\lib\charsets.jar;D:\ProgramFiles\java\jdk1.8.0_211\jre\lib\jfr.jar;D:\ProgramFiles\java\jdk1.8.0_211\jre\classes"/>
    <property name="java.vendor" value="Oracle Corporation"/>
    <property name="maven.home" value="D:\Users\II00083746\MyDocuments\workspace\eclipse\201903\sessionSecurity\EMBEDDED"/>
    <property name="file.separator" value="\"/>
    <property name="java.vendor.url.bug" value="http://bugreport.sun.com/bugreport/"/>
    <property name="sun.cpu.endian" value="little"/>
    <property name="sun.io.unicode.encoding" value="UnicodeLittle"/>
    <property name="sun.desktop" value="windows"/>
    <property name="sun.cpu.isalist" value="amd64"/>
  </properties>
</testsuite>